mma7660 6362 0 - Live 0x00000000
xpad 8369 0 - Live 0x00000000
cp210x 11190 0 - Live 0x00000000
pl2303 11826 0 - Live 0x00000000
hid_pl 1377 0 - Live 0x00000000
hid_gaff 1553 0 - Live 0x00000000
hid_sony 2499 0 - Live 0x00000000
btusb 14728 0 - Live 0x00000000
dm9601 9671 0 - Live 0x00000000
rtl8150 9913 0 - Live 0x00000000
mcs7830 7396 0 - Live 0x00000000
qf9700 9353 0 - Live 0x00000000
asix 24267 0 - Live 0x00000000
sun4i_csi0 31874 0 - Live 0x00000000
hi253 17481 0 - Live 0x00000000
gt2005 17178 1 - Live 0x00000000
videobuf_dma_contig 5979 1 sun4i_csi0, Live 0x00000000
videobuf_core 19095 2 sun4i_csi0,videobuf_dma_contig, Live 0x00000000
cedarx 12607 0 - Live 0x00000000
mali 136899 12 - Live 0x00000000
ump 34575 15 mali, Live 0x00000000
goodix_touch 13046 0 - Live 0x00000000
nand 109849 8 - Live 0x00000000
